# JRE version: Java(TM) SE Runtime Environment (8.0_112-b15) (build 1.8.0_112-b15)
# Java VM: Java HotSpot(TM) 64-Bit Server VM (25.112-b15 mixed mode windows-amd64 compressed oops)
Heap:
 PSYoungGen      total 58880K, used 42071K [0x00000007bc400000, 0x00000007c0000000, 0x00000007c0000000)
  eden space 56320K, 71% used [0x00000007bc400000,0x00000007beb0de68,0x00000007bfb00000)
  from space 2560K, 81% used [0x00000007bfb00000,0x00000007bfd08000,0x00000007bfd80000)
  to   space 2560K, 0% used [0x00000007bfd80000,0x00000007bfd80000,0x00000007c0000000)
 ParOldGen       total 141312K, used 49922K [0x0000000700000000, 0x0000000708a00000, 0x00000007bc400000)
  object space 141312K, 35% used [0x0000000700000000,0x00000007030c0918,0x0000000708a00000)
 Metaspace       used 68488K, capacity 69037K, committed 69760K, reserved 1110016K
  class space    used 9154K, capacity 9278K, committed 9344K, reserved 1048576K
GC Heap History (10 events):
Event: 10783.218 GC heap before
{Heap before GC invocations=504 (full 197):
 PSYoungGen      total 59392K, used 58368K [0x00000007bc400000, 0x00000007c0000000, 0x00000007c0000000)
  eden space 57344K, 100% used [0x00000007bc400000,0x00000007bfc00000,0x00000007bfc00000)
  from space 2048K, 50% used [0x00000007bfe00000,0x00000007bff00000,0x00000007c0000000)
  to   space 2048K, 0% used [0x00000007bfc00000,0x00000007bfc00000,0x00000007bfe00000)
 ParOldGen       total 141312K, used 49922K [0x0000000700000000, 0x0000000708a00000, 0x00000007bc400000)
  object space 141312K, 35% used [0x0000000700000000,0x00000007030c0918,0x0000000708a00000)
 Metaspace       used 68488K, capacity 69037K, committed 69760K, reserved 1110016K
  class space    used 9154K, capacity 9278K, committed 9344K, reserved 1048576K
Event: 10783.225 GC heap after
Heap after GC invocations=504 (full 197):
 PSYoungGen      total 59392K, used 1248K [0x00000007bc400000, 0x00000007c0000000, 0x00000007c0000000)
  eden space 57344K, 0% used [0x00000007bc400000,0x00000007bc400000,0x00000007bfc00000)
  from space 2048K, 60% used [0x00000007bfc00000,0x00000007bfd38000,0x00000007bfe00000)
  to   space 2048K, 0% used [0x00000007bfe00000,0x00000007bfe00000,0x00000007c0000000)
 ParOldGen       total 141312K, used 49922K [0x0000000700000000, 0x0000000708a00000, 0x00000007bc400000)
  object space 141312K, 35% used [0x0000000700000000,0x00000007030c0918,0x0000000708a00000)
 Metaspace       used 68488K, capacity 69037K, committed 69760K, reserved 1110016K
  class space    used 9154K, capacity 9278K, committed 9344K, reserved 1048576K
}
Event: 11165.163 GC heap before
{Heap before GC invocations=505 (full 197):
 PSYoungGen      total 59392K, used 58592K [0x00000007bc400000, 0x00000007c0000000, 0x00000007c0000000)
  eden space 57344K, 100% used [0x00000007bc400000,0x00000007bfc00000,0x00000007bfc00000)
  from space 2048K, 60% used [0x00000007bfc00000,0x00000007bfd38000,0x00000007bfe00000)
  to   space 2048K, 0% used [0x00000007bfe00000,0x00000007bfe00000,0x00000007c0000000)
 ParOldGen       total 141312K, used 49922K [0x0000000700000000, 0x0000000708a00000, 0x00000007bc400000)
  object space 141312K, 35% used [0x0000000700000000,0x00000007030c0918,0x0000000708a00000)
 Metaspace       used 68488K, capacity 69037K, committed 69760K, reserved 1110016K
  class space    used 9154K, capacity 9278K, committed 9344K, reserved 1048576K
Event: 11165.174 GC heap after
Heap after GC invocations=505 (full 197):
 PSYoungGen      total 59392K, used 1440K [0x00000007bc400000, 0x00000007c0000000, 0x00000007c0000000)
  eden space 57344K, 0% used [0x00000007bc400000,0x00000007bc400000,0x00000007bfc00000)
  from space 2048K, 70% used [0x00000007bfe00000,0x00000007bff68000,0x00000007c0000000)
  to   space 2048K, 0% used [0x00000007bfc00000,0x00000007bfc00000,0x00000007bfe00000)
 ParOldGen       total 141312K, used 49922K [0x0000000700000000, 0x0000000708a00000, 0x00000007bc400000)
  object space 141312K, 35% used [0x0000000700000000,0x00000007030c0918,0x0000000708a00000)
 Metaspace       used 68488K, capacity 69037K, committed 69760K, reserved 1110016K
  class space    used 9154K, capacity 9278K, committed 9344K, reserved 1048576K
}
Event: 11552.131 GC heap before
{Heap before GC invocations=506 (full 197):
 PSYoungGen      total 59392K, used 58784K [0x00000007bc400000, 0x00000007c0000000, 0x00000007c0000000)
  eden space 57344K, 100% used [0x00000007bc400000,0x00000007bfc00000,0x00000007bfc00000)
  from space 2048K, 70% used [0x00000007bfe00000,0x00000007bff68000,0x00000007c0000000)
  to   space 2048K, 0% used [0x00000007bfc00000,0x00000007bfc00000,0x00000007bfe00000)
 ParOldGen       total 141312K, used 49922K [0x0000000700000000, 0x0000000708a00000, 0x00000007bc400000)
  object space 141312K, 35% used [0x0000000700000000,0x00000007030c0918,0x0000000708a00000)
 Metaspace       used 68488K, capacity 69037K, committed 69760K, reserved 1110016K
  class space    used 9154K, capacity 9278K, committed 9344K, reserved 1048576K
Event: 11552.139 GC heap after
Heap after GC invocations=506 (full 197):
 PSYoungGen      total 59392K, used 1632K [0x00000007bc400000, 0x00000007c0000000, 0x00000007c0000000)
  eden space 57344K, 0% used [0x00000007bc400000,0x00000007bc400000,0x00000007bfc00000)
  from space 2048K, 79% used [0x00000007bfc00000,0x00000007bfd98000,0x00000007bfe00000)
  to   space 2048K, 0% used [0x00000007bfe00000,0x00000007bfe00000,0x00000007c0000000)
 ParOldGen       total 141312K, used 49922K [0x0000000700000000, 0x0000000708a00000, 0x00000007bc400000)
  object space 141312K, 35% used [0x0000000700000000,0x00000007030c0918,0x0000000708a00000)
 Metaspace       used 68488K, capacity 69037K, committed 69760K, reserved 1110016K
  class space    used 9154K, capacity 9278K, committed 9344K, reserved 1048576K
}
Event: 11935.470 GC heap before
{Heap before GC invocations=507 (full 197):
 PSYoungGen      total 59392K, used 58976K [0x00000007bc400000, 0x00000007c0000000, 0x00000007c0000000)
  eden space 57344K, 100% used [0x00000007bc400000,0x00000007bfc00000,0x00000007bfc00000)
  from space 2048K, 79% used [0x00000007bfc00000,0x00000007bfd98000,0x00000007bfe00000)
  to   space 2048K, 0% used [0x00000007bfe00000,0x00000007bfe00000,0x00000007c0000000)
 ParOldGen       total 141312K, used 49922K [0x0000000700000000, 0x0000000708a00000, 0x00000007bc400000)
  object space 141312K, 35% used [0x0000000700000000,0x00000007030c0918,0x0000000708a00000)
 Metaspace       used 68488K, capacity 69037K, committed 69760K, reserved 1110016K
  class space    used 9154K, capacity 9278K, committed 9344K, reserved 1048576K
Event: 11935.495 GC heap after
Heap after GC invocations=507 (full 197):
 PSYoungGen      total 58368K, used 1856K [0x00000007bc400000, 0x00000007c0000000, 0x00000007c0000000)
  eden space 56320K, 0% used [0x00000007bc400000,0x00000007bc400000,0x00000007bfb00000)
  from space 2048K, 90% used [0x00000007bfe00000,0x00000007bffd0000,0x00000007c0000000)
  to   space 2560K, 0% used [0x00000007bfb00000,0x00000007bfb00000,0x00000007bfd80000)
 ParOldGen       total 141312K, used 49922K [0x0000000700000000, 0x0000000708a00000, 0x00000007bc400000)
  object space 141312K, 35% used [0x0000000700000000,0x00000007030c0918,0x0000000708a00000)
 Metaspace       used 68488K, capacity 69037K, committed 69760K, reserved 1110016K
  class space    used 9154K, capacity 9278K, committed 9344K, reserved 1048576K
}
Event: 12314.662 GC heap before
{Heap before GC invocations=508 (full 197):
 PSYoungGen      total 58368K, used 58176K [0x00000007bc400000, 0x00000007c0000000, 0x00000007c0000000)
  eden space 56320K, 100% used [0x00000007bc400000,0x00000007bfb00000,0x00000007bfb00000)
  from space 2048K, 90% used [0x00000007bfe00000,0x00000007bffd0000,0x00000007c0000000)
  to   space 2560K, 0% used [0x00000007bfb00000,0x00000007bfb00000,0x00000007bfd80000)
 ParOldGen       total 141312K, used 49922K [0x0000000700000000, 0x0000000708a00000, 0x00000007bc400000)
  object space 141312K, 35% used [0x0000000700000000,0x00000007030c0918,0x0000000708a00000)
 Metaspace       used 68488K, capacity 69037K, committed 69760K, reserved 1110016K
  class space    used 9154K, capacity 9278K, committed 9344K, reserved 1048576K
Event: 12314.670 GC heap after
Heap after GC invocations=508 (full 197):
 PSYoungGen      total 58880K, used 2080K [0x00000007bc400000, 0x00000007c0000000, 0x00000007c0000000)
  eden space 56320K, 0% used [0x00000007bc400000,0x00000007bc400000,0x00000007bfb00000)
  from space 2560K, 81% used [0x00000007bfb00000,0x00000007bfd08000,0x00000007bfd80000)
  to   space 2560K, 0% used [0x00000007bfd80000,0x00000007bfd80000,0x00000007c0000000)
 ParOldGen       total 141312K, used 49922K [0x0000000700000000, 0x0000000708a00000, 0x00000007bc400000)
  object space 141312K, 35% used [0x0000000700000000,0x00000007030c0918,0x0000000708a00000)
 Metaspace       used 68488K, capacity 69037K, committed 69760K, reserved 1110016K
  class space    used 9154K, capacity 9278K, committed 9344K, reserved 1048576K
}

